$ umask 022 && mkdir -p "/home/lyon/Dev/Rust/miri-wasm-rustc/dist/lib/rustlib"
$ echo "3" > "/home/lyon/Dev/Rust/miri-wasm-rustc/dist/lib/rustlib/rust-installer-version"
install: creating uninstall script at /home/lyon/Dev/Rust/miri-wasm-rustc/dist/lib/rustlib/uninstall.sh
$ cp /home/lyon/Dev/Rust/miri-wasm-rustc/build/tmp/tarball/miri/wasm32-wasi/miri-1.78.0-dev-wasm32-wasi/install.sh /home/lyon/Dev/Rust/miri-wasm-rustc/dist/lib/rustlib/uninstall.sh
install: installing component 'miri-preview'
$ echo "miri-preview" >> "/home/lyon/Dev/Rust/miri-wasm-rustc/dist/lib/rustlib/components"
$ umask 022 && mkdir -p "/home/lyon/Dev/Rust/miri-wasm-rustc/dist/bin"
install: copying file /home/lyon/Dev/Rust/miri-wasm-rustc/dist/bin/miri.wasm
$ cp /home/lyon/Dev/Rust/miri-wasm-rustc/build/tmp/tarball/miri/wasm32-wasi/miri-1.78.0-dev-wasm32-wasi/miri-preview/bin/miri.wasm /home/lyon/Dev/Rust/miri-wasm-rustc/dist/bin/miri.wasm
$ chmod 755 /home/lyon/Dev/Rust/miri-wasm-rustc/dist/bin/miri.wasm
$ echo "file:/home/lyon/Dev/Rust/miri-wasm-rustc/dist/bin/miri.wasm" >> "/home/lyon/Dev/Rust/miri-wasm-rustc/dist/lib/rustlib/manifest-miri-preview"
$ umask 022 && mkdir -p "/home/lyon/Dev/Rust/miri-wasm-rustc/dist/share/doc/miri"
install: copying file /home/lyon/Dev/Rust/miri-wasm-rustc/dist/share/doc/miri/LICENSE-APACHE
$ cp /home/lyon/Dev/Rust/miri-wasm-rustc/build/tmp/tarball/miri/wasm32-wasi/miri-1.78.0-dev-wasm32-wasi/miri-preview/share/doc/miri/LICENSE-APACHE /home/lyon/Dev/Rust/miri-wasm-rustc/dist/share/doc/miri/LICENSE-APACHE
$ chmod 644 /home/lyon/Dev/Rust/miri-wasm-rustc/dist/share/doc/miri/LICENSE-APACHE
$ echo "file:/home/lyon/Dev/Rust/miri-wasm-rustc/dist/share/doc/miri/LICENSE-APACHE" >> "/home/lyon/Dev/Rust/miri-wasm-rustc/dist/lib/rustlib/manifest-miri-preview"
$ umask 022 && mkdir -p "/home/lyon/Dev/Rust/miri-wasm-rustc/dist/share/doc/miri"
install: copying file /home/lyon/Dev/Rust/miri-wasm-rustc/dist/share/doc/miri/LICENSE-MIT
$ cp /home/lyon/Dev/Rust/miri-wasm-rustc/build/tmp/tarball/miri/wasm32-wasi/miri-1.78.0-dev-wasm32-wasi/miri-preview/share/doc/miri/LICENSE-MIT /home/lyon/Dev/Rust/miri-wasm-rustc/dist/share/doc/miri/LICENSE-MIT
$ chmod 644 /home/lyon/Dev/Rust/miri-wasm-rustc/dist/share/doc/miri/LICENSE-MIT
$ echo "file:/home/lyon/Dev/Rust/miri-wasm-rustc/dist/share/doc/miri/LICENSE-MIT" >> "/home/lyon/Dev/Rust/miri-wasm-rustc/dist/lib/rustlib/manifest-miri-preview"
$ umask 022 && mkdir -p "/home/lyon/Dev/Rust/miri-wasm-rustc/dist/share/doc/miri"
install: copying file /home/lyon/Dev/Rust/miri-wasm-rustc/dist/share/doc/miri/README.md
$ cp /home/lyon/Dev/Rust/miri-wasm-rustc/build/tmp/tarball/miri/wasm32-wasi/miri-1.78.0-dev-wasm32-wasi/miri-preview/share/doc/miri/README.md /home/lyon/Dev/Rust/miri-wasm-rustc/dist/share/doc/miri/README.md
$ chmod 644 /home/lyon/Dev/Rust/miri-wasm-rustc/dist/share/doc/miri/README.md
$ echo "file:/home/lyon/Dev/Rust/miri-wasm-rustc/dist/share/doc/miri/README.md" >> "/home/lyon/Dev/Rust/miri-wasm-rustc/dist/lib/rustlib/manifest-miri-preview"
